<?xml version="1.0" encoding="UTF-8"?>
<testng-results ignored="0" total="6" passed="5" failed="1" skipped="0">
  <reporter-output>
  </reporter-output>
  <suite started-at="2024-02-26T17:44:06 IST" name="Suite" finished-at="2024-02-26T17:46:31 IST" duration-ms="144402">
    <groups>
      <group name="smokeTest">
        <method signature="HomePage_Item_Checkout.homePageAddItemCheckOutTest()[pri:0, instance:com.Practise.Homepage.HomePage_Item_Checkout@6069db50]" name="homePageAddItemCheckOutTest" class="com.Practise.Homepage.HomePage_Item_Checkout"/>
        <method signature="ResgisterNewUser.registerNewUserTest()[pri:0, instance:com.Practise.Homepage.ResgisterNewUser@49139829]" name="registerNewUserTest" class="com.Practise.Homepage.ResgisterNewUser"/>
      </group> <!-- smokeTest -->
    </groups>
    <test started-at="2024-02-26T17:44:06 IST" name="Test" finished-at="2024-02-26T17:46:31 IST" duration-ms="144402">
      <class name="com.Practise.Homepage.LoginwithApp">
        <test-method is-config="true" signature="openBrowser()[pri:0, instance:com.Practise.Homepage.LoginwithApp@223191a6]" started-at="2024-02-26T17:45:01 IST" name="openBrowser" finished-at="2024-02-26T17:45:01 IST" duration-ms="0" status="PASS">
          <reporter-output>
          </reporter-output>
        </test-method> <!-- openBrowser -->
        <test-method is-config="true" signature="beforeMethodConfig()[pri:0, instance:com.Practise.Homepage.LoginwithApp@223191a6]" started-at="2024-02-26T17:45:01 IST" name="beforeMethodConfig" finished-at="2024-02-26T17:45:06 IST" duration-ms="4221" status="PASS">
          <reporter-output>
          </reporter-output>
        </test-method> <!-- beforeMethodConfig -->
        <test-method signature="logOutToAppTest()[pri:0, instance:com.Practise.Homepage.LoginwithApp@223191a6]" started-at="2024-02-26T17:45:06 IST" name="logOutToAppTest" finished-at="2024-02-26T17:45:25 IST" duration-ms="19180" status="PASS">
          <reporter-output>
          </reporter-output>
        </test-method> <!-- logOutToAppTest -->
        <test-method is-config="true" signature="afterMethod()[pri:0, instance:com.Practise.Homepage.LoginwithApp@223191a6]" started-at="2024-02-26T17:45:25 IST" name="afterMethod" finished-at="2024-02-26T17:45:25 IST" duration-ms="2" status="PASS">
          <reporter-output>
          </reporter-output>
        </test-method> <!-- afterMethod -->
        <test-method is-config="true" signature="beforeMethodConfig()[pri:0, instance:com.Practise.Homepage.LoginwithApp@223191a6]" started-at="2024-02-26T17:45:25 IST" name="beforeMethodConfig" finished-at="2024-02-26T17:45:29 IST" duration-ms="4379" status="PASS">
          <reporter-output>
          </reporter-output>
        </test-method> <!-- beforeMethodConfig -->
        <test-method signature="loginToAppTest()[pri:0, instance:com.Practise.Homepage.LoginwithApp@223191a6]" started-at="2024-02-26T17:45:29 IST" name="loginToAppTest" finished-at="2024-02-26T17:45:38 IST" duration-ms="8987" status="PASS">
          <reporter-output>
          </reporter-output>
        </test-method> <!-- loginToAppTest -->
        <test-method is-config="true" signature="afterMethod()[pri:0, instance:com.Practise.Homepage.LoginwithApp@223191a6]" started-at="2024-02-26T17:45:38 IST" name="afterMethod" finished-at="2024-02-26T17:45:38 IST" duration-ms="2" status="PASS">
          <reporter-output>
          </reporter-output>
        </test-method> <!-- afterMethod -->
        <test-method is-config="true" signature="BcConfig()[pri:0, instance:com.Practise.Homepage.LoginwithApp@223191a6]" started-at="2024-02-26T17:45:38 IST" name="BcConfig" finished-at="2024-02-26T17:45:38 IST" duration-ms="1" status="PASS">
          <reporter-output>
          </reporter-output>
        </test-method> <!-- BcConfig -->
      </class> <!-- com.Practise.Homepage.LoginwithApp -->
      <class name="com.Practise.Homepage.ResgisterNewUser">
        <test-method is-config="true" signature="openBrowser()[pri:0, instance:com.Practise.Homepage.ResgisterNewUser@49139829]" started-at="2024-02-26T17:45:38 IST" name="openBrowser" finished-at="2024-02-26T17:45:38 IST" duration-ms="1" status="PASS">
          <reporter-output>
          </reporter-output>
        </test-method> <!-- openBrowser -->
        <test-method is-config="true" signature="beforeMethodConfig()[pri:0, instance:com.Practise.Homepage.ResgisterNewUser@49139829]" started-at="2024-02-26T17:45:38 IST" name="beforeMethodConfig" finished-at="2024-02-26T17:45:42 IST" duration-ms="4223" status="PASS">
          <reporter-output>
          </reporter-output>
        </test-method> <!-- beforeMethodConfig -->
        <test-method signature="registerNewUserTest()[pri:0, instance:com.Practise.Homepage.ResgisterNewUser@49139829]" started-at="2024-02-26T17:45:42 IST" name="registerNewUserTest" finished-at="2024-02-26T17:45:58 IST" duration-ms="15128" status="PASS">
          <reporter-output>
          </reporter-output>
        </test-method> <!-- registerNewUserTest -->
        <test-method is-config="true" signature="afterMethod()[pri:0, instance:com.Practise.Homepage.ResgisterNewUser@49139829]" started-at="2024-02-26T17:45:58 IST" name="afterMethod" finished-at="2024-02-26T17:45:58 IST" duration-ms="1" status="PASS">
          <reporter-output>
          </reporter-output>
        </test-method> <!-- afterMethod -->
        <test-method is-config="true" signature="BcConfig()[pri:0, instance:com.Practise.Homepage.ResgisterNewUser@49139829]" started-at="2024-02-26T17:45:58 IST" name="BcConfig" finished-at="2024-02-26T17:45:58 IST" duration-ms="1" status="PASS">
          <reporter-output>
          </reporter-output>
        </test-method> <!-- BcConfig -->
      </class> <!-- com.Practise.Homepage.ResgisterNewUser -->
      <class name="com.Practise.Homepage.MakeFail">
        <test-method is-config="true" signature="openBrowser()[pri:0, instance:com.Practise.Homepage.MakeFail@9597028]" started-at="2024-02-26T17:45:58 IST" name="openBrowser" finished-at="2024-02-26T17:45:58 IST" duration-ms="0" status="PASS">
          <reporter-output>
          </reporter-output>
        </test-method> <!-- openBrowser -->
        <test-method is-config="true" signature="beforeMethodConfig()[pri:0, instance:com.Practise.Homepage.MakeFail@9597028]" started-at="2024-02-26T17:45:58 IST" name="beforeMethodConfig" finished-at="2024-02-26T17:46:02 IST" duration-ms="4310" status="PASS">
          <reporter-output>
          </reporter-output>
        </test-method> <!-- beforeMethodConfig -->
        <test-method signature="makeFailTest()[pri:0, instance:com.Practise.Homepage.MakeFail@9597028]" started-at="2024-02-26T17:46:02 IST" name="makeFailTest" finished-at="2024-02-26T17:46:08 IST" duration-ms="5780" status="FAIL">
          <exception class="java.lang.AssertionError">
            <message>
              <![CDATA[null]]>
            </message>
            <full-stacktrace>
              <![CDATA[java.lang.AssertionError: null
at org.testng.Assert.fail(Assert.java:99)
at org.testng.Assert.fail(Assert.java:106)
at com.Practise.Homepage.MakeFail.makeFailTest(MakeFail.java:39)
at java.base/jdk.internal.reflect.DirectMethodHandleAccessor.invoke(DirectMethodHandleAccessor.java:103)
at java.base/java.lang.reflect.Method.invoke(Method.java:580)
at org.testng.internal.MethodInvocationHelper.invokeMethod(MethodInvocationHelper.java:133)
at org.testng.internal.TestInvoker.invokeMethod(TestInvoker.java:598)
at org.testng.internal.TestInvoker.invokeTestMethod(TestInvoker.java:173)
at org.testng.internal.MethodRunner.runInSequence(MethodRunner.java:46)
at org.testng.internal.TestInvoker$MethodInvocationAgent.invoke(TestInvoker.java:824)
at org.testng.internal.TestInvoker.invokeTestMethods(TestInvoker.java:146)
at org.testng.internal.TestMethodWorker.invokeTestMethods(TestMethodWorker.java:146)
at org.testng.internal.TestMethodWorker.run(TestMethodWorker.java:128)
at java.base/java.util.ArrayList.forEach(ArrayList.java:1596)
at org.testng.TestRunner.privateRun(TestRunner.java:794)
at org.testng.TestRunner.run(TestRunner.java:596)
at org.testng.SuiteRunner.runTest(SuiteRunner.java:377)
at org.testng.SuiteRunner.runSequentially(SuiteRunner.java:371)
at org.testng.SuiteRunner.privateRun(SuiteRunner.java:332)
at org.testng.SuiteRunner.run(SuiteRunner.java:276)
at org.testng.SuiteRunnerWorker.runSuite(SuiteRunnerWorker.java:53)
at org.testng.SuiteRunnerWorker.run(SuiteRunnerWorker.java:96)
at org.testng.TestNG.runSuitesSequentially(TestNG.java:1212)
at org.testng.TestNG.runSuitesLocally(TestNG.java:1134)
at org.testng.TestNG.runSuites(TestNG.java:1063)
at org.testng.TestNG.run(TestNG.java:1031)
at org.testng.remote.AbstractRemoteTestNG.run(AbstractRemoteTestNG.java:115)
at org.testng.remote.RemoteTestNG.initAndRun(RemoteTestNG.java:251)
at org.testng.remote.RemoteTestNG.main(RemoteTestNG.java:77)
]]>
            </full-stacktrace>
          </exception> <!-- java.lang.AssertionError -->
          <reporter-output>
          </reporter-output>
        </test-method> <!-- makeFailTest -->
        <test-method is-config="true" signature="afterMethod()[pri:0, instance:com.Practise.Homepage.MakeFail@9597028]" started-at="2024-02-26T17:46:08 IST" name="afterMethod" finished-at="2024-02-26T17:46:08 IST" duration-ms="1" status="PASS">
          <reporter-output>
          </reporter-output>
        </test-method> <!-- afterMethod -->
        <test-method is-config="true" signature="BcConfig()[pri:0, instance:com.Practise.Homepage.MakeFail@9597028]" started-at="2024-02-26T17:46:08 IST" name="BcConfig" finished-at="2024-02-26T17:46:08 IST" duration-ms="3" status="PASS">
          <reporter-output>
          </reporter-output>
        </test-method> <!-- BcConfig -->
      </class> <!-- com.Practise.Homepage.MakeFail -->
      <class name="com.Practise.Homepage.HomePagewithThreeSlidders">
        <test-method is-config="true" signature="openBrowser()[pri:0, instance:com.Practise.Homepage.HomePagewithThreeSlidders@57a3af25]" started-at="2024-02-26T17:44:06 IST" name="openBrowser" finished-at="2024-02-26T17:44:06 IST" duration-ms="18" status="PASS">
          <reporter-output>
          </reporter-output>
        </test-method> <!-- openBrowser -->
        <test-method is-config="true" signature="beforeMethodConfig()[pri:0, instance:com.Practise.Homepage.HomePagewithThreeSlidders@57a3af25]" started-at="2024-02-26T17:44:06 IST" name="beforeMethodConfig" finished-at="2024-02-26T17:44:13 IST" duration-ms="6414" status="PASS">
          <reporter-output>
          </reporter-output>
        </test-method> <!-- beforeMethodConfig -->
        <test-method signature="HomePagecaseTest()[pri:0, instance:com.Practise.Homepage.HomePagewithThreeSlidders@57a3af25]" started-at="2024-02-26T17:44:13 IST" name="HomePagecaseTest" finished-at="2024-02-26T17:45:01 IST" duration-ms="48561" status="PASS">
          <reporter-output>
          </reporter-output>
        </test-method> <!-- HomePagecaseTest -->
        <test-method is-config="true" signature="afterMethod()[pri:0, instance:com.Practise.Homepage.HomePagewithThreeSlidders@57a3af25]" started-at="2024-02-26T17:45:01 IST" name="afterMethod" finished-at="2024-02-26T17:45:01 IST" duration-ms="1" status="PASS">
          <reporter-output>
          </reporter-output>
        </test-method> <!-- afterMethod -->
        <test-method is-config="true" signature="BcConfig()[pri:0, instance:com.Practise.Homepage.HomePagewithThreeSlidders@57a3af25]" started-at="2024-02-26T17:45:01 IST" name="BcConfig" finished-at="2024-02-26T17:45:01 IST" duration-ms="1" status="PASS">
          <reporter-output>
          </reporter-output>
        </test-method> <!-- BcConfig -->
      </class> <!-- com.Practise.Homepage.HomePagewithThreeSlidders -->
      <class name="com.Practise.Homepage.HomePage_Item_Checkout">
        <test-method is-config="true" signature="openBrowser()[pri:0, instance:com.Practise.Homepage.HomePage_Item_Checkout@6069db50]" started-at="2024-02-26T17:46:08 IST" name="openBrowser" finished-at="2024-02-26T17:46:08 IST" duration-ms="1" status="PASS">
          <reporter-output>
          </reporter-output>
        </test-method> <!-- openBrowser -->
        <test-method is-config="true" signature="beforeMethodConfig()[pri:0, instance:com.Practise.Homepage.HomePage_Item_Checkout@6069db50]" started-at="2024-02-26T17:46:08 IST" name="beforeMethodConfig" finished-at="2024-02-26T17:46:13 IST" duration-ms="5396" status="PASS">
          <reporter-output>
          </reporter-output>
        </test-method> <!-- beforeMethodConfig -->
        <test-method signature="homePageAddItemCheckOutTest()[pri:0, instance:com.Practise.Homepage.HomePage_Item_Checkout@6069db50]" started-at="2024-02-26T17:46:13 IST" name="homePageAddItemCheckOutTest" finished-at="2024-02-26T17:46:31 IST" duration-ms="17475" status="PASS">
          <reporter-output>
          </reporter-output>
        </test-method> <!-- homePageAddItemCheckOutTest -->
        <test-method is-config="true" signature="afterMethod()[pri:0, instance:com.Practise.Homepage.HomePage_Item_Checkout@6069db50]" started-at="2024-02-26T17:46:31 IST" name="afterMethod" finished-at="2024-02-26T17:46:31 IST" duration-ms="1" status="PASS">
          <reporter-output>
          </reporter-output>
        </test-method> <!-- afterMethod -->
        <test-method is-config="true" signature="BcConfig()[pri:0, instance:com.Practise.Homepage.HomePage_Item_Checkout@6069db50]" started-at="2024-02-26T17:46:31 IST" name="BcConfig" finished-at="2024-02-26T17:46:31 IST" duration-ms="0" status="PASS">
          <reporter-output>
          </reporter-output>
        </test-method> <!-- BcConfig -->
      </class> <!-- com.Practise.Homepage.HomePage_Item_Checkout -->
    </test> <!-- Test -->
  </suite> <!-- Suite -->
</testng-results>
