<?xml version="1.0" encoding="UTF-8"?>
<testng-results ignored="0" total="1" passed="1" failed="0" skipped="0">
  <reporter-output>
  </reporter-output>
  <suite started-at="2024-02-27T11:56:49 IST" name="Default suite" finished-at="2024-02-27T11:57:09 IST" duration-ms="20117">
    <groups>
      <group name="smokeTest">
        <method signature="ResgisterNewUser.registerNewUserTest()[pri:0, instance:com.Practise.Homepage.ResgisterNewUser@8f4ea7c]" name="registerNewUserTest" class="com.Practise.Homepage.ResgisterNewUser"/>
      </group> <!-- smokeTest -->
    </groups>
    <test started-at="2024-02-27T11:56:49 IST" name="Default test" finished-at="2024-02-27T11:57:09 IST" duration-ms="20117">
      <class name="com.Practise.Homepage.ResgisterNewUser">
        <test-method is-config="true" signature="openBrowser()[pri:0, instance:com.Practise.Homepage.ResgisterNewUser@8f4ea7c]" started-at="2024-02-27T11:56:49 IST" name="openBrowser" finished-at="2024-02-27T11:56:49 IST" duration-ms="14" status="PASS">
          <reporter-output>
          </reporter-output>
        </test-method> <!-- openBrowser -->
        <test-method is-config="true" signature="beforeMethodConfig()[pri:0, instance:com.Practise.Homepage.ResgisterNewUser@8f4ea7c]" started-at="2024-02-27T11:56:49 IST" name="beforeMethodConfig" finished-at="2024-02-27T11:56:58 IST" duration-ms="8597" status="PASS">
          <reporter-output>
          </reporter-output>
        </test-method> <!-- beforeMethodConfig -->
        <test-method signature="registerNewUserTest()[pri:0, instance:com.Practise.Homepage.ResgisterNewUser@8f4ea7c]" started-at="2024-02-27T11:56:58 IST" name="registerNewUserTest" finished-at="2024-02-27T11:57:09 IST" duration-ms="11418" status="PASS">
          <reporter-output>
          </reporter-output>
        </test-method> <!-- registerNewUserTest -->
        <test-method is-config="true" signature="afterMethod()[pri:0, instance:com.Practise.Homepage.ResgisterNewUser@8f4ea7c]" started-at="2024-02-27T11:57:09 IST" name="afterMethod" finished-at="2024-02-27T11:57:09 IST" duration-ms="3" status="PASS">
          <reporter-output>
          </reporter-output>
        </test-method> <!-- afterMethod -->
        <test-method is-config="true" signature="BcConfig()[pri:0, instance:com.Practise.Homepage.ResgisterNewUser@8f4ea7c]" started-at="2024-02-27T11:57:09 IST" name="BcConfig" finished-at="2024-02-27T11:57:09 IST" duration-ms="1" status="PASS">
          <reporter-output>
          </reporter-output>
        </test-method> <!-- BcConfig -->
      </class> <!-- com.Practise.Homepage.ResgisterNewUser -->
    </test> <!-- Default test -->
  </suite> <!-- Default suite -->
</testng-results>
