<?xml version="1.0" encoding="UTF-8"?>
<!-- Generated by org.testng.reporters.JUnitXMLReporter -->
<testsuite ignored="0" hostname="DESKTOP-A90F7ST" failures="1" tests="6" name="Test" time="144.402" errors="0" timestamp="2024-02-26T17:46:31 IST">
  <testcase classname="com.Practise.Homepage.HomePagewithThreeSlidders" name="HomePagecaseTest" time="48.561"/>
  <testcase classname="com.Practise.Homepage.LoginwithApp" name="logOutToAppTest" time="19.18"/>
  <testcase classname="com.Practise.Homepage.LoginwithApp" name="loginToAppTest" time="8.987"/>
  <testcase classname="com.Practise.Homepage.ResgisterNewUser" name="registerNewUserTest" time="15.128"/>
  <testcase classname="com.Practise.Homepage.MakeFail" name="makeFailTest" time="5.78">
    <failure type="java.lang.AssertionError" message="null">
      <![CDATA[java.lang.AssertionError: null
at com.Practise.Homepage.MakeFail.makeFailTest(MakeFail.java:39)
at java.base/java.util.ArrayList.forEach(ArrayList.java:1596)
... Removed 27 stack frames]]>
    </failure>
  </testcase> <!-- makeFailTest -->
  <testcase classname="com.Practise.Homepage.HomePage_Item_Checkout" name="homePageAddItemCheckOutTest" time="17.475"/>
</testsuite> <!-- Test -->
