<?xml version="1.0" encoding="UTF-8"?>
<!-- Generated by org.testng.reporters.JUnitXMLReporter -->
<testsuite ignored="0" hostname="DESKTOP-A90F7ST" failures="1" tests="6" name="Test" time="109.487" errors="0" timestamp="2024-03-01T13:55:50 IST">
  <testcase classname="com.Practise.Homepage.HomePagewithThreeSlidders" name="HomePagecaseTest" time="16.823"/>
  <testcase classname="com.Practise.Homepage.LoginwithApp" name="logOutToAppTest" time="11.881"/>
  <testcase classname="com.Practise.Homepage.LoginwithApp" name="loginToAppTest" time="9.894"/>
  <testcase classname="com.Practise.Homepage.ResgisterNewUser" name="registerNewUserTest" time="10.826"/>
  <testcase classname="com.Practise.Homepage.MakeFail" name="makeFailTest" time="5.244">
    <failure type="java.lang.AssertionError" message="null">
      <![CDATA[java.lang.AssertionError: null
at com.Practise.Homepage.MakeFail.makeFailTest(MakeFail.java:39)
at java.base/java.util.ArrayList.forEach(ArrayList.java:1596)
... Removed 27 stack frames]]>
    </failure>
  </testcase> <!-- makeFailTest -->
  <testcase classname="com.Practise.Homepage.HomePage_Item_Checkout" name="homePageAddItemCheckOutTest" time="21.037"/>
</testsuite> <!-- Test -->
