<?xml version="1.0" encoding="UTF-8"?>
<!-- Generated by org.testng.reporters.JUnitXMLReporter -->
<testsuite ignored="0" hostname="DESKTOP-A90F7ST" failures="1" tests="1" name="Test(failed)" time="16.175" errors="0" timestamp="2024-02-16T17:44:48 IST">
  <testcase classname="com.Practise.Homepage.MakeFail" name="makeFailTest" time="15.974">
    <failure type="java.lang.AssertionError" message="null">
      <![CDATA[java.lang.AssertionError: null
at com.Practise.Homepage.MakeFail.makeFailTest(MakeFail.java:54)
at java.base/java.util.ArrayList.forEach(ArrayList.java:1596)
... Removed 27 stack frames]]>
    </failure>
  </testcase> <!-- makeFailTest -->
</testsuite> <!-- Test(failed) -->
